Traceback (most recent call last):
  File "<frozen runpy>", line 198, in _run_module_as_main
  File "<frozen runpy>", line 88, in _run_code
  File "/Users/zhou/Library/Application Support/Doubao/Profile 1/sandbox_envs_dir/envs/5be07cc6-bacd-4bc9-b3cb-a68b34eccdda/lib/python3.13/http/server.py", line 1345, in <module>
    test(
    ~~~~^
        HandlerClass=handler_class,
        ^^^^^^^^^^^^^^^^^^^^^^^^^^^
    ...<3 lines>...
        protocol=args.protocol,
        ^^^^^^^^^^^^^^^^^^^^^^^
    )
    ^
  File "/Users/zhou/Library/Application Support/Doubao/Profile 1/sandbox_envs_dir/envs/5be07cc6-bacd-4bc9-b3cb-a68b34eccdda/lib/python3.13/http/server.py", line 1292, in test
    with ServerClass(addr, HandlerClass) as httpd:
         ~~~~~~~~~~~^^^^^^^^^^^^^^^^^^^^
  File "/Users/zhou/Library/Application Support/Doubao/Profile 1/sandbox_envs_dir/envs/5be07cc6-bacd-4bc9-b3cb-a68b34eccdda/lib/python3.13/socketserver.py", line 457, in __init__
    self.server_bind()
    ~~~~~~~~~~~~~~~~^^
  File "/Users/zhou/Library/Application Support/Doubao/Profile 1/sandbox_envs_dir/envs/5be07cc6-bacd-4bc9-b3cb-a68b34eccdda/lib/python3.13/http/server.py", line 1339, in server_bind
    return super().server_bind()
           ~~~~~~~~~~~~~~~~~~~^^
  File "/Users/zhou/Library/Application Support/Doubao/Profile 1/sandbox_envs_dir/envs/5be07cc6-bacd-4bc9-b3cb-a68b34eccdda/lib/python3.13/http/server.py", line 140, in server_bind
    socketserver.TCPServer.server_bind(self)
    ~~~~~~~~~~~~~~~~~~~~~~~~~~~~~~~~~~^^^^^^
  File "/Users/zhou/Library/Application Support/Doubao/Profile 1/sandbox_envs_dir/envs/5be07cc6-bacd-4bc9-b3cb-a68b34eccdda/lib/python3.13/socketserver.py", line 478, in server_bind
    self.socket.bind(self.server_address)
    ~~~~~~~~~~~~~~~~^^^^^^^^^^^^^^^^^^^^^
OSError: [Errno 48] Address already in use
